<?xml version="1.0" encoding="UTF-8"?>
<!-- Generated by org.testng.reporters.JUnitReportReporter -->
<testsuite hostname="LAPTOP-IPEFO2V2" failures="0" tests="1" name="runner.TestRunner" time="25.836" errors="0" timestamp="2025-05-15T20:55:37 IST" skipped="0">
  <testcase classname="runner.TestRunner" name="runScenario" time="25.836"/>
</testsuite> <!-- runner.TestRunner -->
