<?xml version="1.0" encoding="UTF-8"?>
<!-- Generated by org.testng.reporters.JUnitReportReporter -->
<testsuite hostname="LAPTOP-7QD0J0LR" failures="0" tests="1" name="runner.TestRunner" time="74.431" errors="0" timestamp="2025-07-18T15:42:52 IST" skipped="0">
  <testcase classname="runner.TestRunner" name="runScenario" time="74.431"/>
</testsuite> <!-- runner.TestRunner -->
