<?xml version="1.0" encoding="UTF-8"?>
<!-- Generated by org.testng.reporters.JUnitReportReporter -->
<testsuite hostname="LAPTOP-IPEFO2V2" failures="0" tests="1" name="runner.TestRunner" time="16.856" errors="0" timestamp="2025-05-15T02:23:34 IST" skipped="0">
  <testcase classname="runner.TestRunner" name="runScenario" time="16.856"/>
</testsuite> <!-- runner.TestRunner -->
